INFO:werkzeug:[31m[1mWARNING: This is a development server. Do not use it in a production deployment. Use a production WSGI server instead.[0m
 * Running on http://127.0.0.1:5000
INFO:werkzeug:[33mPress CTRL+C to quit[0m
INFO:werkzeug: * Restarting with stat
WARNING:werkzeug: * Debugger is active!
INFO:werkzeug: * Debugger PIN: 705-255-457
INFO:werkzeug:[31m[1mWARNING: This is a development server. Do not use it in a production deployment. Use a production WSGI server instead.[0m
 * Running on http://127.0.0.1:5000
INFO:werkzeug:[33mPress CTRL+C to quit[0m
INFO:werkzeug: * Restarting with stat
WARNING:werkzeug: * Debugger is active!
INFO:werkzeug: * Debugger PIN: 705-255-457
INFO:werkzeug:127.0.0.1 - - [05/Dec/2024 17:53:46] "GET / HTTP/1.1" 200 -
INFO:werkzeug:127.0.0.1 - - [05/Dec/2024 17:53:46] "[36mGET /static/css/styles.css HTTP/1.1[0m" 304 -
INFO:werkzeug:127.0.0.1 - - [05/Dec/2024 17:53:48] "GET /assign_vlan HTTP/1.1" 200 -
INFO:werkzeug:127.0.0.1 - - [05/Dec/2024 17:53:48] "[36mGET /static/css/styles.css HTTP/1.1[0m" 304 -
INFO:werkzeug:127.0.0.1 - - [05/Dec/2024 17:53:48] "GET /get_switches HTTP/1.1" 200 -
INFO:app:Enviando comandos al switch S19-Scarlett: ['interface Ethernet0/2', 'switchport mode access', 'switchport access vlan 78', 'no shutdown']
DEBUG:netmiko:read_channel: ]0;S19
DEBUG:netmiko:read_channel: 
DEBUG:netmiko:read_channel: 
DEBUG:netmiko:read_channel: 
DEBUG:netmiko:read_channel: 
DEBUG:netmiko:read_channel: 
DEBUG:netmiko:write_channel: b'\r\n'
DEBUG:netmiko:read_channel: 
S19-Scarlett>
S19-Scarlett>
DEBUG:netmiko:write_channel: b'\r\n'
DEBUG:netmiko:write_channel: b'terminal width 511\r\n'
DEBUG:netmiko:read_channel: 
DEBUG:netmiko:read_channel: 
DEBUG:netmiko:read_channel: 
S19-Scarlett>
S
DEBUG:netmiko:read_channel: 
DEBUG:netmiko:read_channel: 
DEBUG:netmiko:read_channel: 
DEBUG:netmiko:read_channel: 
DEBUG:netmiko:read_channel: 
DEBUG:netmiko:read_channel: 
DEBUG:netmiko:read_channel: 
DEBUG:netmiko:read_channel: 
DEBUG:netmiko:read_channel: 
DEBUG:netmiko:read_channel: 
DEBUG:netmiko:read_channel: 19-Scarlett>terminal width 511
S19-Scarlett>
S19-
DEBUG:netmiko:Pattern found: (terminal width 511) 
S19-Scarlett>
S19-Scarlett>terminal width 511
DEBUG:netmiko:In disable_paging
DEBUG:netmiko:Command: terminal length 0

DEBUG:netmiko:write_channel: b'terminal length 0\r\n'
DEBUG:netmiko:read_channel: 
DEBUG:netmiko:read_channel: 
DEBUG:netmiko:read_channel: 
DEBUG:netmiko:read_channel: 
DEBUG:netmiko:read_channel: 
DEBUG:netmiko:read_channel: 
DEBUG:netmiko:read_channel: 
DEBUG:netmiko:read_channel: 
DEBUG:netmiko:read_channel: 
DEBUG:netmiko:read_channel: 
DEBUG:netmiko:read_channel: Scarlett>
DEBUG:netmiko:read_channel: terminal length 0
S19-Scarlett>

DEBUG:netmiko:Pattern found: (terminal\ length\ 0) 
S19-Scarlett>
S19-Scarlett>terminal length 0
DEBUG:netmiko:
S19-Scarlett>
S19-Scarlett>terminal length 0
DEBUG:netmiko:Exiting disable_paging
DEBUG:netmiko:read_channel: 
DEBUG:netmiko:Clear buffer detects data in the channel
DEBUG:netmiko:read_channel: 
DEBUG:netmiko:write_channel: b'\r\n'
DEBUG:netmiko:read_channel: 
DEBUG:netmiko:read_channel: 
DEBUG:netmiko:read_channel: 
DEBUG:netmiko:read_channel: 
DEBUG:netmiko:read_channel: 
DEBUG:netmiko:read_channel: 
DEBUG:netmiko:read_channel: 
DEBUG:netmiko:read_channel: S19-Scarlett>
DEBUG:netmiko:
Parenthesis found in pattern.

pattern: (\#|>)


This can be problemtic when used in read_until_pattern().

You should ensure that you use either non-capture groups i.e. '(?:' or that the
parenthesis completely wrap the pattern '(pattern)'
DEBUG:netmiko:Pattern found: (\#|>) S19-Scarlett>
DEBUG:netmiko:read_channel: 
DEBUG:netmiko:[find_prompt()]: prompt is S19-Scarlett>
DEBUG:netmiko:write_channel: b'\r\n'
DEBUG:netmiko:read_channel: 
DEBUG:netmiko:read_channel: 
DEBUG:netmiko:read_channel: 
DEBUG:netmiko:read_channel: 
DEBUG:netmiko:read_channel: 
S19-Scarlett>

DEBUG:netmiko:Pattern found: (S19\-Scarlett.*) 
S19-Scarlett>
DEBUG:netmiko:write_channel: b'enable\r\n'
DEBUG:netmiko:read_channel: 
DEBUG:netmiko:read_channel: 
DEBUG:netmiko:read_channel: 
DEBUG:netmiko:read_channel: 
DEBUG:netmiko:read_channel: 
DEBUG:netmiko:read_channel: 
DEBUG:netmiko:read_channel: 
DEBUG:netmiko:read_channel: 
DEBUG:netmiko:read_channel: 
DEBUG:netmiko:read_channel: 
DEBUG:netmiko:read_channel: 
DEBUG:netmiko:read_channel: S19-Scarlett>
S19-Scarlett>

DEBUG:netmiko:read_channel: 
DEBUG:netmiko:read_channel: 
DEBUG:netmiko:read_channel: 
DEBUG:netmiko:read_channel: 
DEBUG:netmiko:read_channel: 
DEBUG:netmiko:read_channel: 
DEBUG:netmiko:read_channel: 
DEBUG:netmiko:read_channel: 
DEBUG:netmiko:read_channel: 
DEBUG:netmiko:read_channel: 
DEBUG:netmiko:read_channel: S19-Scarlett>enab
DEBUG:netmiko:read_channel: 
DEBUG:netmiko:read_channel: 
DEBUG:netmiko:read_channel: 
DEBUG:netmiko:read_channel: 
DEBUG:netmiko:read_channel: 
DEBUG:netmiko:read_channel: 
DEBUG:netmiko:read_channel: 
DEBUG:netmiko:read_channel: 
DEBUG:netmiko:read_channel: 
DEBUG:netmiko:read_channel: le
Password: 
DEBUG:netmiko:Pattern found: (enable) 
S19-Scarlett>
S19-Scarlett>
S19-Scarlett>enable
DEBUG:netmiko:read_channel: 
DEBUG:netmiko:Pattern found: ((?:S19\-Scarlett|ssword)) 
Password
DEBUG:netmiko:write_channel: b'\r\n'
DEBUG:netmiko:read_channel: 
DEBUG:netmiko:read_channel: 
DEBUG:netmiko:read_channel: 
DEBUG:netmiko:read_channel: 
DEBUG:netmiko:read_channel: 
DEBUG:netmiko:read_channel: 
DEBUG:netmiko:read_channel: 
DEBUG:netmiko:read_channel: 
DEBUG:netmiko:read_channel: 
DEBUG:netmiko:read_channel: 
DEBUG:netmiko:read_channel: 

DEBUG:netmiko:read_channel: 
% Access denied

S19-Scarlett>
S19-Scarlett>
DEBUG:netmiko:Pattern found: (S19\-Scarlett) : 

% Access denied

S19-Scarlett
DEBUG:netmiko:write_channel: b'\r\n'
DEBUG:netmiko:read_channel: 
DEBUG:netmiko:Pattern found: (S19\-Scarlett.*) >
S19-Scarlett>
DEBUG:app:Salida de comandos: AggregatedResult (netmiko_send_config): {'S19-Scarlett': MultiResult: [Result: "netmiko_send_config"]}
INFO:app:Guardando configuración en switch S19-Scarlett
DEBUG:app:Salida de guardar configuración: AggregatedResult (netmiko_send_command): {}
INFO:app:VLAN 78 asignada al puerto Ethernet0/2 en switch S19-Scarlett
INFO:werkzeug:127.0.0.1 - - [05/Dec/2024 17:53:58] "[32mPOST /assign_vlan HTTP/1.1[0m" 302 -
DEBUG:netmiko:read_channel: ]0;S18
DEBUG:netmiko:read_channel: 
DEBUG:netmiko:read_channel: 
DEBUG:netmiko:read_channel: 
DEBUG:netmiko:read_channel: 
DEBUG:netmiko:read_channel: 
DEBUG:netmiko:write_channel: b'\r\n'
DEBUG:netmiko:read_channel: 
DEBUG:netmiko:read_channel: 
DEBUG:netmiko:read_channel: 
DEBUG:netmiko:read_channel: 
DEBUG:netmiko:read_channel: 
DEBUG:netmiko:read_channel: 
DEBUG:netmiko:write_channel: b'\r\n'
DEBUG:netmiko:read_channel:  Este equipo es de Nelson(Koala) 
S18-Nelson>
S18-Nelson>
S18-Nelson>
S18-Nelson>
DEBUG:netmiko:write_channel: b'\r\n'
DEBUG:netmiko:write_channel: b'terminal width 511\r\n'
DEBUG:netmiko:read_channel: 
DEBUG:netmiko:read_channel: 
DEBUG:netmiko:read_channel: 

DEBUG:netmiko:read_channel: 
DEBUG:netmiko:read_channel: 
DEBUG:netmiko:read_channel: 
DEBUG:netmiko:read_channel: 
DEBUG:netmiko:read_channel: 
DEBUG:netmiko:read_channel: 
DEBUG:netmiko:read_channel: 
DEBUG:netmiko:read_channel: 
DEBUG:netmiko:read_channel: 
DEBUG:netmiko:read_channel: 
DEBUG:netmiko:read_channel: 
DEBUG:netmiko:read_channel: 
DEBUG:netmiko:read_channel: 
DEBUG:netmiko:read_channel: 
DEBUG:netmiko:read_channel: 
S18-Nelson>
S18-Nelson>terminal width 511
S18-Nelson>
S18-Nelson>
DEBUG:netmiko:Pattern found: (terminal width 511) 

S18-Nelson>
S18-Nelson>terminal width 511
DEBUG:netmiko:In disable_paging
DEBUG:netmiko:Command: terminal length 0

DEBUG:netmiko:write_channel: b'terminal length 0\r\n'
DEBUG:netmiko:read_channel: 
DEBUG:netmiko:read_channel: 
DEBUG:netmiko:read_channel: 
DEBUG:netmiko:read_channel: 
DEBUG:netmiko:read_channel: 
DEBUG:netmiko:read_channel: 
DEBUG:netmiko:read_channel: 
DEBUG:netmiko:read_channel: 
DEBUG:netmiko:read_channel: 
DEBUG:netmiko:read_channel: 
DEBUG:netmiko:read_channel: 
DEBUG:netmiko:read_channel: t
DEBUG:netmiko:read_channel: 
DEBUG:netmiko:read_channel: 
DEBUG:netmiko:read_channel: 
DEBUG:netmiko:read_channel: 
DEBUG:netmiko:read_channel: 
DEBUG:netmiko:read_channel: 
DEBUG:netmiko:read_channel: 
DEBUG:netmiko:read_channel: 
DEBUG:netmiko:read_channel: 
DEBUG:netmiko:read_channel: 
DEBUG:netmiko:read_channel: 
DEBUG:netmiko:read_channel: 
DEBUG:netmiko:read_channel: 
DEBUG:netmiko:read_channel: 
DEBUG:netmiko:read_channel: erminal length 0
S18-Nelson>
S18-Nelson>
DEBUG:netmiko:Pattern found: (terminal\ length\ 0) 
S18-Nelson>
S18-Nelson>terminal length 0
DEBUG:netmiko:
S18-Nelson>
S18-Nelson>terminal length 0
DEBUG:netmiko:Exiting disable_paging
DEBUG:netmiko:read_channel: 
DEBUG:netmiko:Clear buffer detects data in the channel
DEBUG:netmiko:read_channel: 
DEBUG:netmiko:write_channel: b'\r\n'
DEBUG:netmiko:read_channel: 
DEBUG:netmiko:read_channel: 
DEBUG:netmiko:read_channel: 
DEBUG:netmiko:read_channel: 
DEBUG:netmiko:read_channel: 
DEBUG:netmiko:read_channel: 
DEBUG:netmiko:read_channel: 
DEBUG:netmiko:read_channel: 
DEBUG:netmiko:read_channel: 
DEBUG:netmiko:read_channel: 
DEBUG:netmiko:read_channel: 
DEBUG:netmiko:read_channel: 

DEBUG:netmiko:read_channel: 
DEBUG:netmiko:read_channel: 
DEBUG:netmiko:read_channel: 
DEBUG:netmiko:read_channel: 
DEBUG:netmiko:read_channel: 
DEBUG:netmiko:read_channel: 
DEBUG:netmiko:read_channel: 
DEBUG:netmiko:read_channel: 
DEBUG:netmiko:read_channel: 
DEBUG:netmiko:read_channel: 
S18-Nelson>
S18-Nelson>
DEBUG:netmiko:
Parenthesis found in pattern.

pattern: (\#|>)


This can be problemtic when used in read_until_pattern().

You should ensure that you use either non-capture groups i.e. '(?:' or that the
parenthesis completely wrap the pattern '(pattern)'
DEBUG:netmiko:Pattern found: (\#|>) 

S18-Nelson>
DEBUG:netmiko:read_channel: 
DEBUG:netmiko:Clear buffer detects data in the channel
DEBUG:netmiko:read_channel: 
DEBUG:netmiko:[find_prompt()]: prompt is S18-Nelson>
DEBUG:netmiko:write_channel: b'\r\n'
DEBUG:netmiko:read_channel: 
DEBUG:netmiko:read_channel: 
DEBUG:netmiko:read_channel: 
DEBUG:netmiko:read_channel: 
DEBUG:netmiko:read_channel: 
DEBUG:netmiko:read_channel: 
DEBUG:netmiko:read_channel: 
DEBUG:netmiko:read_channel: 
DEBUG:netmiko:read_channel: 
DEBUG:netmiko:read_channel: 
DEBUG:netmiko:read_channel: 
DEBUG:netmiko:read_channel: 

DEBUG:netmiko:read_channel: 
DEBUG:netmiko:read_channel: 
DEBUG:netmiko:read_channel: 
DEBUG:netmiko:read_channel: 
DEBUG:netmiko:read_channel: 
DEBUG:netmiko:read_channel: 
DEBUG:netmiko:read_channel: 
DEBUG:netmiko:read_channel: 
DEBUG:netmiko:read_channel: 
DEBUG:netmiko:read_channel: 
DEBUG:netmiko:read_channel: 
DEBUG:netmiko:read_channel: 
DEBUG:netmiko:read_channel: 
DEBUG:netmiko:read_channel: 
S18-Nelson>
S18-Nelson>
DEBUG:netmiko:Pattern found: (S18\-Nelson.*) 

S18-Nelson>
DEBUG:netmiko:write_channel: b'enable\r\n'
DEBUG:netmiko:read_channel: 
DEBUG:netmiko:read_channel: 
DEBUG:netmiko:read_channel: 
DEBUG:netmiko:read_channel: 
DEBUG:netmiko:read_channel: 
DEBUG:netmiko:read_channel: 
DEBUG:netmiko:read_channel: 
DEBUG:netmiko:read_channel: 
DEBUG:netmiko:read_channel: 
DEBUG:netmiko:read_channel: 
DEBUG:netmiko:read_channel: 
DEBUG:netmiko:read_channel: e
DEBUG:netmiko:read_channel: 
DEBUG:netmiko:read_channel: 
DEBUG:netmiko:read_channel: 
DEBUG:netmiko:read_channel: 
DEBUG:netmiko:read_channel: 
DEBUG:netmiko:read_channel: 
DEBUG:netmiko:read_channel: 
DEBUG:netmiko:read_channel: 
DEBUG:netmiko:read_channel: 
DEBUG:netmiko:read_channel: 
DEBUG:netmiko:read_channel: 
DEBUG:netmiko:read_channel: 
DEBUG:netmiko:read_channel: nable
Password: 
DEBUG:netmiko:Pattern found: (enable) 
S18-Nelson>enable
DEBUG:netmiko:read_channel: 
DEBUG:netmiko:Pattern found: ((?:S18\-Nelson|ssword)) 
Password
DEBUG:netmiko:write_channel: b'********\r\n'
DEBUG:netmiko:read_channel: 
DEBUG:netmiko:read_channel: 
DEBUG:netmiko:read_channel: 
DEBUG:netmiko:read_channel: 
DEBUG:netmiko:read_channel: 
DEBUG:netmiko:read_channel: 
DEBUG:netmiko:read_channel: 
DEBUG:netmiko:read_channel: 
DEBUG:netmiko:read_channel: 
DEBUG:netmiko:read_channel: 
DEBUG:netmiko:read_channel: 
DEBUG:netmiko:read_channel: 

DEBUG:netmiko:read_channel: 
DEBUG:netmiko:read_channel: 
DEBUG:netmiko:read_channel: 
DEBUG:netmiko:read_channel: 
DEBUG:netmiko:read_channel: 
DEBUG:netmiko:read_channel: 
DEBUG:netmiko:read_channel: 
DEBUG:netmiko:read_channel: 
DEBUG:netmiko:read_channel: 
DEBUG:netmiko:read_channel: 
DEBUG:netmiko:read_channel: 
DEBUG:netmiko:read_channel: 
DEBUG:netmiko:read_channel: 
DEBUG:netmiko:read_channel: 
S18-Nelson#
S18-Nelson#
DEBUG:netmiko:Pattern found: (S18\-Nelson) : 

S18-Nelson
DEBUG:netmiko:write_channel: b'\r\n'
DEBUG:netmiko:read_channel: 
DEBUG:netmiko:Pattern found: (S18\-Nelson.*) #
S18-Nelson#
DEBUG:netmiko:read_channel: 
DEBUG:netmiko:write_channel: b'\r\n'
DEBUG:netmiko:read_channel: 
DEBUG:netmiko:write_channel: b'\r\n'
DEBUG:netmiko:read_channel: 
DEBUG:netmiko:write_channel: b'\r\n'
DEBUG:netmiko:read_channel: 

DEBUG:netmiko:write_channel: b'\r\n'
DEBUG:netmiko:read_channel: 
S18-Nelson#
S18-Nelson#
DEBUG:netmiko:read_channel: 
DEBUG:netmiko:[find_prompt()]: prompt is S18-Nelson#
DEBUG:netmiko:write_channel: b'show vlan brief\r\n'
DEBUG:netmiko:read_channel: 
DEBUG:netmiko:read_channel: 
DEBUG:netmiko:read_channel: 
DEBUG:netmiko:read_channel: 
DEBUG:netmiko:read_channel: 
DEBUG:netmiko:read_channel: 
DEBUG:netmiko:read_channel: 
DEBUG:netmiko:read_channel: 
DEBUG:netmiko:read_channel: 
DEBUG:netmiko:read_channel: 
DEBUG:netmiko:read_channel: 
S18-Nelson#
S18-Nelson#
S18-Nelson#
S18-Nelson#
S18-Nelson#
S18-Nelson#
DEBUG:netmiko:read_channel: 
DEBUG:netmiko:read_channel: 
DEBUG:netmiko:read_channel: 
DEBUG:netmiko:read_channel: 
DEBUG:netmiko:read_channel: 
DEBUG:netmiko:read_channel: 
DEBUG:netmiko:read_channel: 
DEBUG:netmiko:read_channel: 
DEBUG:netmiko:read_channel: 
DEBUG:netmiko:read_channel: 
S18-Nelson#
S18-Nelson#
DEBUG:netmiko:read_channel: 
DEBUG:netmiko:read_channel: 
DEBUG:netmiko:read_channel: 
DEBUG:netmiko:read_channel: 
DEBUG:netmiko:read_channel: 
DEBUG:netmiko:read_channel: 
DEBUG:netmiko:read_channel: 
DEBUG:netmiko:read_channel: 
DEBUG:netmiko:read_channel: 
DEBUG:netmiko:read_channel: 
DEBUG:netmiko:read_channel: 
DEBUG:netmiko:read_channel: 
DEBUG:netmiko:read_channel: 
DEBUG:netmiko:read_channel: show vlan brief

VLAN Name                             Status    Ports
---- -------------------------------- --------- -------------------------------
1    default                          active    
2    Casa                             active    Et0/0
7    UNE_COMUNICACIOENS               active    
65   Santiago                         active    
72   Negocios                         active    
89   cocina                           active    
121  clases                           active    Et0/3
179  oficina                          active    
1002 fddi-default                     act/unsup 
1003 token-ring-default               act/unsup 
1004 fddinet-default                  act/unsup 
1005 trnet-default                    act/unsup 
S18-Nelson#
S18-Nelson#
DEBUG:netmiko:Pattern found: (show\ vlan\ brief) 
S18-Nelson#
S18-Nelson#
S18-Nelson#
S18-Nelson#
S18-Nelson#
S18-Nelson#
S18-Nelson#
S18-Nelson#show vlan brief
DEBUG:netmiko:read_channel: 
DEBUG:netmiko:write_channel: b'\r\n'
DEBUG:netmiko:read_channel: 
DEBUG:netmiko:read_channel: 
DEBUG:netmiko:read_channel: 
DEBUG:netmiko:read_channel: 
DEBUG:netmiko:read_channel: 
DEBUG:netmiko:read_channel: 
DEBUG:netmiko:read_channel: 
DEBUG:netmiko:read_channel: 
DEBUG:netmiko:read_channel: 
DEBUG:netmiko:read_channel: 
DEBUG:netmiko:read_channel: 

DEBUG:netmiko:read_channel: 
DEBUG:netmiko:read_channel: 
DEBUG:netmiko:read_channel: 
DEBUG:netmiko:read_channel: 
DEBUG:netmiko:read_channel: 
DEBUG:netmiko:read_channel: 
DEBUG:netmiko:read_channel: 
DEBUG:netmiko:read_channel: 
DEBUG:netmiko:read_channel: 
DEBUG:netmiko:read_channel: 
DEBUG:netmiko:read_channel: 
DEBUG:netmiko:read_channel: 
DEBUG:netmiko:read_channel: 
DEBUG:netmiko:read_channel: 
DEBUG:netmiko:read_channel: 
S18-Nelson#
S18-Nelson#
DEBUG:netmiko:Pattern found: ([>#]) 

S18-Nelson#
DEBUG:netmiko:write_channel: b'exit\r\n'
INFO:werkzeug:127.0.0.1 - - [05/Dec/2024 17:54:03] "GET /vlans HTTP/1.1" 200 -
INFO:werkzeug:127.0.0.1 - - [05/Dec/2024 17:54:03] "[36mGET /static/css/styles.css HTTP/1.1[0m" 304 -
INFO:werkzeug:127.0.0.1 - - [05/Dec/2024 17:54:03] "GET /get_switches HTTP/1.1" 200 -
INFO:werkzeug: * Detected change in '/home/scarlerodriguezb/Automatizacion/labs/proyecto_fin/app.py', reloading
INFO:werkzeug: * Restarting with stat
INFO:werkzeug: * Restarting with stat
